# JRE version: OpenJDK Runtime Environment (8.0_242) (build 1.8.0_242-release-1644-b3-6222593)
# Java VM: OpenJDK 64-Bit Server VM (25.242-b3-6222593 mixed mode bsd-amd64 compressed oops)
Heap:
 PSYoungGen      total 461312K, used 410176K [0x00000007a0000000, 0x00000007bfd80000, 0x00000007c0000000)
  eden space 401920K, 100% used [0x00000007a0000000,0x00000007b8880000,0x00000007b8880000)
  from space 59392K, 13% used [0x00000007bc380000,0x00000007bcb90370,0x00000007bfd80000)
  to   space 59904K, 12% used [0x00000007b8880000,0x00000007b9000020,0x00000007bc300000)
 ParOldGen       total 286720K, used 163642K [0x0000000760000000, 0x0000000771800000, 0x00000007a0000000)
  object space 286720K, 57% used [0x0000000760000000,0x0000000769fcebf0,0x0000000771800000)
 Metaspace       used 209131K, capacity 226958K, committed 227200K, reserved 1247232K
  class space    used 26631K, capacity 30047K, committed 30080K, reserved 1048576K
GC Heap History (10 events):
Event: 16344.197 GC heap after
Heap after GC invocations=122 (full 6):
 PSYoungGen      total 453632K, used 11112K [0x00000007a0000000, 0x00000007c0000000, 0x00000007c0000000)
  eden space 390656K, 0% used [0x00000007a0000000,0x00000007a0000000,0x00000007b7d80000)
  from space 62976K, 17% used [0x00000007bba80000,0x00000007bc55a1b0,0x00000007bf800000)
  to   space 62464K, 0% used [0x00000007b7d80000,0x00000007b7d80000,0x00000007bba80000)
 ParOldGen       total 286720K, used 163226K [0x0000000760000000, 0x0000000771800000, 0x00000007a0000000)
  object space 286720K, 56% used [0x0000000760000000,0x0000000769f66bf0,0x0000000771800000)
 Metaspace       used 207380K, capacity 225066K, committed 225152K, reserved 1245184K
  class space    used 26430K, capacity 29799K, committed 29824K, reserved 1048576K
}
Event: 16878.236 GC heap before
{Heap before GC invocations=123 (full 6):
 PSYoungGen      total 453632K, used 401768K [0x00000007a0000000, 0x00000007c0000000, 0x00000007c0000000)
  eden space 390656K, 100% used [0x00000007a0000000,0x00000007b7d80000,0x00000007b7d80000)
  from space 62976K, 17% used [0x00000007bba80000,0x00000007bc55a1b0,0x00000007bf800000)
  to   space 62464K, 0% used [0x00000007b7d80000,0x00000007b7d80000,0x00000007bba80000)
 ParOldGen       total 286720K, used 163226K [0x0000000760000000, 0x0000000771800000, 0x00000007a0000000)
  object space 286720K, 56% used [0x0000000760000000,0x0000000769f66bf0,0x0000000771800000)
 Metaspace       used 208163K, capacity 225948K, committed 226048K, reserved 1245184K
  class space    used 26515K, capacity 29904K, committed 29952K, reserved 1048576K
Event: 16878.555 GC heap after
Heap after GC invocations=123 (full 6):
 PSYoungGen      total 453120K, used 15890K [0x00000007a0000000, 0x00000007bfb80000, 0x00000007c0000000)
  eden space 390656K, 0% used [0x00000007a0000000,0x00000007a0000000,0x00000007b7d80000)
  from space 62464K, 25% used [0x00000007b7d80000,0x00000007b8d048c0,0x00000007bba80000)
  to   space 60416K, 0% used [0x00000007bc080000,0x00000007bc080000,0x00000007bfb80000)
 ParOldGen       total 286720K, used 163234K [0x0000000760000000, 0x0000000771800000, 0x00000007a0000000)
  object space 286720K, 56% used [0x0000000760000000,0x0000000769f68bf0,0x0000000771800000)
 Metaspace       used 208163K, capacity 225948K, committed 226048K, reserved 1245184K
  class space    used 26515K, capacity 29904K, committed 29952K, reserved 1048576K
}
Event: 16884.955 GC heap before
{Heap before GC invocations=124 (full 6):
 PSYoungGen      total 453120K, used 406546K [0x00000007a0000000, 0x00000007bfb80000, 0x00000007c0000000)
  eden space 390656K, 100% used [0x00000007a0000000,0x00000007b7d80000,0x00000007b7d80000)
  from space 62464K, 25% used [0x00000007b7d80000,0x00000007b8d048c0,0x00000007bba80000)
  to   space 60416K, 0% used [0x00000007bc080000,0x00000007bc080000,0x00000007bfb80000)
 ParOldGen       total 286720K, used 163234K [0x0000000760000000, 0x0000000771800000, 0x00000007a0000000)
  object space 286720K, 56% used [0x0000000760000000,0x0000000769f68bf0,0x0000000771800000)
 Metaspace       used 208939K, capacity 226770K, committed 226944K, reserved 1247232K
  class space    used 26599K, capacity 30009K, committed 30080K, reserved 1048576K
Event: 16885.115 GC heap after
Heap after GC invocations=124 (full 6):
 PSYoungGen      total 457728K, used 39065K [0x00000007a0000000, 0x00000007c0000000, 0x00000007c0000000)
  eden space 397312K, 0% used [0x00000007a0000000,0x00000007a0000000,0x00000007b8400000)
  from space 60416K, 64% used [0x00000007bc080000,0x00000007be6a66e8,0x00000007bfb80000)
  to   space 61952K, 0% used [0x00000007b8400000,0x00000007b8400000,0x00000007bc080000)
 ParOldGen       total 286720K, used 163402K [0x0000000760000000, 0x0000000771800000, 0x00000007a0000000)
  object space 286720K, 56% used [0x0000000760000000,0x0000000769f92bf0,0x0000000771800000)
 Metaspace       used 208939K, capacity 226770K, committed 226944K, reserved 1247232K
  class space    used 26599K, capacity 30009K, committed 30080K, reserved 1048576K
}
Event: 16932.701 GC heap before
{Heap before GC invocations=125 (full 6):
 PSYoungGen      total 457728K, used 436377K [0x00000007a0000000, 0x00000007c0000000, 0x00000007c0000000)
  eden space 397312K, 100% used [0x00000007a0000000,0x00000007b8400000,0x00000007b8400000)
  from space 60416K, 64% used [0x00000007bc080000,0x00000007be6a66e8,0x00000007bfb80000)
  to   space 61952K, 0% used [0x00000007b8400000,0x00000007b8400000,0x00000007bc080000)
 ParOldGen       total 286720K, used 163402K [0x0000000760000000, 0x0000000771800000, 0x00000007a0000000)
  object space 286720K, 56% used [0x0000000760000000,0x0000000769f92bf0,0x0000000771800000)
 Metaspace       used 209092K, capacity 226894K, committed 227200K, reserved 1247232K
  class space    used 26630K, capacity 30047K, committed 30080K, reserved 1048576K
Event: 16932.827 GC heap after
Heap after GC invocations=125 (full 6):
 PSYoungGen      total 459264K, used 15617K [0x00000007a0000000, 0x00000007bfe80000, 0x00000007c0000000)
  eden space 397312K, 0% used [0x00000007a0000000,0x00000007a0000000,0x00000007b8400000)
  from space 61952K, 25% used [0x00000007b8400000,0x00000007b9340688,0x00000007bc080000)
  to   space 60416K, 0% used [0x00000007bc380000,0x00000007bc380000,0x00000007bfe80000)
 ParOldGen       total 286720K, used 163434K [0x0000000760000000, 0x0000000771800000, 0x00000007a0000000)
  object space 286720K, 57% used [0x0000000760000000,0x0000000769f9abf0,0x0000000771800000)
 Metaspace       used 209092K, capacity 226894K, committed 227200K, reserved 1247232K
  class space    used 26630K, capacity 30047K, committed 30080K, reserved 1048576K
}
Event: 16960.193 GC heap before
{Heap before GC invocations=126 (full 6):
 PSYoungGen      total 459264K, used 412929K [0x00000007a0000000, 0x00000007bfe80000, 0x00000007c0000000)
  eden space 397312K, 100% used [0x00000007a0000000,0x00000007b8400000,0x00000007b8400000)
  from space 61952K, 25% used [0x00000007b8400000,0x00000007b9340688,0x00000007bc080000)
  to   space 60416K, 0% used [0x00000007bc380000,0x00000007bc380000,0x00000007bfe80000)
 ParOldGen       total 286720K, used 163434K [0x0000000760000000, 0x0000000771800000, 0x00000007a0000000)
  object space 286720K, 57% used [0x0000000760000000,0x0000000769f9abf0,0x0000000771800000)
 Metaspace       used 209122K, capacity 226958K, committed 227200K, reserved 1247232K
  class space    used 26630K, capacity 30047K, committed 30080K, reserved 1048576K
Event: 16960.217 GC heap after
Heap after GC invocations=126 (full 6):
 PSYoungGen      total 461312K, used 8256K [0x00000007a0000000, 0x00000007bfd80000, 0x00000007c0000000)
  eden space 401920K, 0% used [0x00000007a0000000,0x00000007a0000000,0x00000007b8880000)
  from space 59392K, 13% used [0x00000007bc380000,0x00000007bcb90370,0x00000007bfd80000)
  to   space 59904K, 0% used [0x00000007b8880000,0x00000007b8880000,0x00000007bc300000)
 ParOldGen       total 286720K, used 163610K [0x0000000760000000, 0x0000000771800000, 0x00000007a0000000)
  object space 286720K, 57% used [0x0000000760000000,0x0000000769fc6bf0,0x0000000771800000)
 Metaspace       used 209122K, capacity 226958K, committed 227200K, reserved 1247232K
  class space    used 26630K, capacity 30047K, committed 30080K, reserved 1048576K
}
Event: 17033.855 GC heap before
{Heap before GC invocations=127 (full 6):
 PSYoungGen      total 461312K, used 410176K [0x00000007a0000000, 0x00000007bfd80000, 0x00000007c0000000)
  eden space 401920K, 100% used [0x00000007a0000000,0x00000007b8880000,0x00000007b8880000)
  from space 59392K, 13% used [0x00000007bc380000,0x00000007bcb90370,0x00000007bfd80000)
  to   space 59904K, 0% used [0x00000007b8880000,0x00000007b8880000,0x00000007bc300000)
 ParOldGen       total 286720K, used 163610K [0x0000000760000000, 0x0000000771800000, 0x00000007a0000000)
  object space 286720K, 57% used [0x0000000760000000,0x0000000769fc6bf0,0x0000000771800000)
 Metaspace       used 209131K, capacity 226958K, committed 227200K, reserved 1247232K
  class space    used 26631K, capacity 30047K, committed 30080K, reserved 1048576K

